2025-07-20 23:36:18,725 ERROR:Помилка підключення до бази даних: connection to server at "localhost" (::1), port 5432 failed: FATAL:  password authentication failed for user "dbuser11"

2025-07-20 23:36:18,846 ERROR:Помилка підключення до бази даних: connection to server at "localhost" (::1), port 5432 failed: FATAL:  password authentication failed for user "dbuser11"

2025-07-20 23:36:18,846 ERROR:Не вдалося отримати курсор. Перевірте параметри підключення.
2025-07-20 23:36:18,861 ERROR:Помилка підключення до бази даних: connection to server at "localhost" (::1), port 5432 failed: FATAL:  password authentication failed for user "dbuser11"

2025-07-20 23:36:46,100 INFO:Таблиці успішно пересоздані з файлу create_tab.sql.
2025-07-20 23:36:46,258 INFO:Таблиці успішно заповнені.
2025-07-20 23:36:46,294 INFO:
Задачі користувача id=1:
+----+------+------------------------------+----------------------------------------------------------------------------------------------------------------------------------------------------------------------------------------+-------------+-----------+
|    |   id | title                        | description                                                                                                                                                                            |   status_id |   user_id |
+====+======+==============================+========================================================================================================================================================================================+=============+===========+
|  0 |   11 | Tv might my situation wrong. | Shoulder establish key wear until degree film. Significant begin television probably them different claim soldier. Social career sound employee administration.                        |           3 |         1 |
+----+------+------------------------------+----------------------------------------------------------------------------------------------------------------------------------------------------------------------------------------+-------------+-----------+
|  1 |   16 | Mother spring half rate.     | Mention writer character manage thousand. Military movie specific specific increase action. All color act account moment south training. Just trouble effect edge join meet note pass. |           3 |         1 |
+----+------+------------------------------+----------------------------------------------------------------------------------------------------------------------------------------------------------------------------------------+-------------+-----------+
|  2 |   18 | No focus thought.            | Price beat among professor majority. Near PM this story hand.                                                                                                                          |           1 |         1 |
|    |      |                              | Director new say value bank girl. Face still would center price should. Company life culture.                                                                                          |             |           |
+----+------+------------------------------+----------------------------------------------------------------------------------------------------------------------------------------------------------------------------------------+-------------+-----------+
|  3 |   28 | Late hand purpose then.      | Follow travel wide moment. Film able it debate Congress. Continue read own coach face argue.                                                                                           |           2 |         1 |
|    |      |                              | Peace police fund about entire large ahead. Minute spring laugh always successful ten small.                                                                                           |             |           |
+----+------+------------------------------+----------------------------------------------------------------------------------------------------------------------------------------------------------------------------------------+-------------+-----------+
2025-07-20 23:36:46,298 INFO:
Задачі зі статусом 'new':
+----+------+--------------------------------------------------+-------------------------------------------------------------------------------------------------------------------------------------------------------------------------------+-------------+-----------+
|    |   id | title                                            | description                                                                                                                                                                   |   status_id |   user_id |
+====+======+==================================================+===============================================================================================================================================================================+=============+===========+
|  0 |    1 | Head law well more miss.                         | Maintain population loss open.                                                                                                                                                |           1 |         7 |
|    |      |                                                  | Ready wonder another I behavior back. Range serve fight design involve.                                                                                                       |             |           |
|    |      |                                                  | As language garden.                                                                                                                                                           |             |           |
+----+------+--------------------------------------------------+-------------------------------------------------------------------------------------------------------------------------------------------------------------------------------+-------------+-----------+
|  1 |    6 | Great key contain use.                           | Occur provide like personal name officer likely. Although letter southern I training now true.                                                                                |           1 |         7 |
|    |      |                                                  | Inside civil write understand. Usually market trip some certainly. Feel fund or.                                                                                              |             |           |
+----+------+--------------------------------------------------+-------------------------------------------------------------------------------------------------------------------------------------------------------------------------------+-------------+-----------+
|  2 |   13 | Respond choose yourself contain particular cost. | Account direction purpose key reality question. With many by third Mrs Mrs head. If business same speech pattern reveal.                                                      |           1 |         3 |
+----+------+--------------------------------------------------+-------------------------------------------------------------------------------------------------------------------------------------------------------------------------------+-------------+-----------+
|  3 |   18 | No focus thought.                                | Price beat among professor majority. Near PM this story hand.                                                                                                                 |           1 |         1 |
|    |      |                                                  | Director new say value bank girl. Face still would center price should. Company life culture.                                                                                 |             |           |
+----+------+--------------------------------------------------+-------------------------------------------------------------------------------------------------------------------------------------------------------------------------------+-------------+-----------+
|  4 |   19 | Back have social research reality nice.          | Rise despite speech really between. Air language when it bank participant job. Quickly member care third southern company girl traditional. West agent stock bring sell drop. |           1 |         9 |
+----+------+--------------------------------------------------+-------------------------------------------------------------------------------------------------------------------------------------------------------------------------------+-------------+-----------+
|  5 |   23 | None east official bag.                          | Plan we fear. Reveal create represent yard.                                                                                                                                   |           1 |         3 |
|    |      |                                                  | It bank kid budget cold every tree. They skin choice outside. Issue however news option. Sit than smile may space security example.                                           |             |           |
+----+------+--------------------------------------------------+-------------------------------------------------------------------------------------------------------------------------------------------------------------------------------+-------------+-----------+
|  6 |   26 | Know far guy mission including green.            | First eight sister change outside affect. Friend democratic to free. Front choose pick one bill form their. Air heavy newspaper eye.                                          |           1 |         3 |
+----+------+--------------------------------------------------+-------------------------------------------------------------------------------------------------------------------------------------------------------------------------------+-------------+-----------+
|  7 |   27 | None individual relate lot.                      | Treatment arrive would effect. Cold example easy blue.                                                                                                                        |           1 |         4 |
|    |      |                                                  | Hair pull mind drug I sure issue. Amount join popular those. Fact thought machine win blue ready task.                                                                        |             |           |
+----+------+--------------------------------------------------+-------------------------------------------------------------------------------------------------------------------------------------------------------------------------------+-------------+-----------+
2025-07-20 23:36:46,301 INFO:Статус завдання id=1 оновлено на 'in progress'.
2025-07-20 23:36:46,304 INFO:Додано завдання 'Новое задание' для користувача id=2.
2025-07-20 23:36:46,307 INFO:
Завдання, що не завершені:
+----+------+-------------------------------------------------------------+-------------------------------------------------------------------------------------------------------------------------------------------------------------------------------+-------------+-----------+
|    |   id | title                                                       | description                                                                                                                                                                   |   status_id |   user_id |
+====+======+=============================================================+===============================================================================================================================================================================+=============+===========+
|  0 |    2 | Maintain able knowledge part music.                         | Use buy line experience.                                                                                                                                                      |           2 |         6 |
|    |      |                                                             | Total few sometimes so phone opportunity a. Other heart suddenly explain.                                                                                                     |             |           |
|    |      |                                                             | View chair certainly bank in order. All fear or unit small.                                                                                                                   |             |           |
+----+------+-------------------------------------------------------------+-------------------------------------------------------------------------------------------------------------------------------------------------------------------------------+-------------+-----------+
|  1 |    3 | Radio how Mrs development police serious.                   | Movie too site positive daughter worry claim. He number chance season on. Also item newspaper crime they cultural send. Environment also teach successful billion center.     |           2 |         2 |
+----+------+-------------------------------------------------------------+-------------------------------------------------------------------------------------------------------------------------------------------------------------------------------+-------------+-----------+
|  2 |    4 | Meeting in point system consider determine professor water. | Energy impact character magazine politics letter. Hold compare both half.                                                                                                     |           2 |         8 |
|    |      |                                                             | Group scene property. Air candidate radio week.                                                                                                                               |             |           |
+----+------+-------------------------------------------------------------+-------------------------------------------------------------------------------------------------------------------------------------------------------------------------------+-------------+-----------+
|  3 |    6 | Great key contain use.                                      | Occur provide like personal name officer likely. Although letter southern I training now true.                                                                                |           1 |         7 |
|    |      |                                                             | Inside civil write understand. Usually market trip some certainly. Feel fund or.                                                                                              |             |           |
+----+------+-------------------------------------------------------------+-------------------------------------------------------------------------------------------------------------------------------------------------------------------------------+-------------+-----------+
|  4 |    7 | Behind grow east them company.                              | Save avoid street great guy travel treat. Walk local help single. Movie Congress put have.                                                                                    |           2 |         8 |
|    |      |                                                             | Hour buy without. Travel single data later past rather. Happy then green learn.                                                                                               |             |           |
+----+------+-------------------------------------------------------------+-------------------------------------------------------------------------------------------------------------------------------------------------------------------------------+-------------+-----------+
|  5 |    8 | Short sit above health.                                     | Move she when eight protect save remain. National what agent star. Development drive maintain.                                                                                |           2 |         6 |
+----+------+-------------------------------------------------------------+-------------------------------------------------------------------------------------------------------------------------------------------------------------------------------+-------------+-----------+
|  6 |   13 | Respond choose yourself contain particular cost.            | Account direction purpose key reality question. With many by third Mrs Mrs head. If business same speech pattern reveal.                                                      |           1 |         3 |
+----+------+-------------------------------------------------------------+-------------------------------------------------------------------------------------------------------------------------------------------------------------------------------+-------------+-----------+
|  7 |   14 | Positive call include know party point member.              | Time suggest make apply budget seem less. Deep shoulder later reason. Your image feeling west have together start.                                                            |           2 |         9 |
+----+------+-------------------------------------------------------------+-------------------------------------------------------------------------------------------------------------------------------------------------------------------------------+-------------+-----------+
|  8 |   17 | Wrong region sit address plant.                             | Choice be city various guy four. Long scientist son debate can gun agent. Other drug crime it fly eight. In she national age such.                                            |           2 |         4 |
+----+------+-------------------------------------------------------------+-------------------------------------------------------------------------------------------------------------------------------------------------------------------------------+-------------+-----------+
|  9 |   18 | No focus thought.                                           | Price beat among professor majority. Near PM this story hand.                                                                                                                 |           1 |         1 |
|    |      |                                                             | Director new say value bank girl. Face still would center price should. Company life culture.                                                                                 |             |           |
+----+------+-------------------------------------------------------------+-------------------------------------------------------------------------------------------------------------------------------------------------------------------------------+-------------+-----------+
| 10 |   19 | Back have social research reality nice.                     | Rise despite speech really between. Air language when it bank participant job. Quickly member care third southern company girl traditional. West agent stock bring sell drop. |           1 |         9 |
+----+------+-------------------------------------------------------------+-------------------------------------------------------------------------------------------------------------------------------------------------------------------------------+-------------+-----------+
| 11 |   23 | None east official bag.                                     | Plan we fear. Reveal create represent yard.                                                                                                                                   |           1 |         3 |
|    |      |                                                             | It bank kid budget cold every tree. They skin choice outside. Issue however news option. Sit than smile may space security example.                                           |             |           |
+----+------+-------------------------------------------------------------+-------------------------------------------------------------------------------------------------------------------------------------------------------------------------------+-------------+-----------+
| 12 |   25 | Church meeting everything finally.                          | Gas dark military method writer since. Organization between entire matter pressure have. Smile about positive organization control series.                                    |           2 |         9 |
+----+------+-------------------------------------------------------------+-------------------------------------------------------------------------------------------------------------------------------------------------------------------------------+-------------+-----------+
| 13 |   26 | Know far guy mission including green.                       | First eight sister change outside affect. Friend democratic to free. Front choose pick one bill form their. Air heavy newspaper eye.                                          |           1 |         3 |
+----+------+-------------------------------------------------------------+-------------------------------------------------------------------------------------------------------------------------------------------------------------------------------+-------------+-----------+
| 14 |   27 | None individual relate lot.                                 | Treatment arrive would effect. Cold example easy blue.                                                                                                                        |           1 |         4 |
|    |      |                                                             | Hair pull mind drug I sure issue. Amount join popular those. Fact thought machine win blue ready task.                                                                        |             |           |
+----+------+-------------------------------------------------------------+-------------------------------------------------------------------------------------------------------------------------------------------------------------------------------+-------------+-----------+
| 15 |   28 | Late hand purpose then.                                     | Follow travel wide moment. Film able it debate Congress. Continue read own coach face argue.                                                                                  |           2 |         1 |
|    |      |                                                             | Peace police fund about entire large ahead. Minute spring laugh always successful ten small.                                                                                  |             |           |
+----+------+-------------------------------------------------------------+-------------------------------------------------------------------------------------------------------------------------------------------------------------------------------+-------------+-----------+
| 16 |    1 | Head law well more miss.                                    | Maintain population loss open.                                                                                                                                                |           2 |         7 |
|    |      |                                                             | Ready wonder another I behavior back. Range serve fight design involve.                                                                                                       |             |           |
|    |      |                                                             | As language garden.                                                                                                                                                           |             |           |
+----+------+-------------------------------------------------------------+-------------------------------------------------------------------------------------------------------------------------------------------------------------------------------+-------------+-----------+
| 17 |   31 | Новое задание                                               | Описание                                                                                                                                                                      |           1 |         2 |
+----+------+-------------------------------------------------------------+-------------------------------------------------------------------------------------------------------------------------------------------------------------------------------+-------------+-----------+
2025-07-20 23:36:46,312 INFO:Користувачі без завдань — Результатів немає.
2025-07-20 23:36:46,315 INFO:Завдання id=31 видалено.
2025-07-20 23:36:46,318 INFO:
Користувачі з email '@example.com':
+----+------+-----------------------+-----------------------+
|    |   id | fullname              | email                 |
+====+======+=======================+=======================+
|  0 |    5 | Stephanie Lyons       | xroberts@example.com  |
+----+------+-----------------------+-----------------------+
|  1 |    8 | Ashley Washington PhD | richard44@example.com |
+----+------+-----------------------+-----------------------+
2025-07-20 23:36:46,320 INFO:Ім’я користувача id=1 оновлено на 'Иван Иванович'.
2025-07-20 23:36:46,322 INFO:
Кількість завдань за статусами:
+----+-------------+--------------+
|    | status      |   task_count |
+====+=============+==============+
|  0 | completed   |           13 |
+----+-------------+--------------+
|  1 | new         |            7 |
+----+-------------+--------------+
|  2 | in progress |           10 |
+----+-------------+--------------+
2025-07-20 23:36:46,325 INFO:
Завдання користувачів з email '@example.com':
+----+------+-------------------------------------------------------------+--------------------------------------------------------------------------------------------------------+-------------+-----------+
|    |   id | title                                                       | description                                                                                            |   status_id |   user_id |
+====+======+=============================================================+========================================================================================================+=============+===========+
|  0 |    4 | Meeting in point system consider determine professor water. | Energy impact character magazine politics letter. Hold compare both half.                              |           2 |         8 |
|    |      |                                                             | Group scene property. Air candidate radio week.                                                        |             |           |
+----+------+-------------------------------------------------------------+--------------------------------------------------------------------------------------------------------+-------------+-----------+
|  1 |    7 | Behind grow east them company.                              | Save avoid street great guy travel treat. Walk local help single. Movie Congress put have.             |           2 |         8 |
|    |      |                                                             | Hour buy without. Travel single data later past rather. Happy then green learn.                        |             |           |
+----+------+-------------------------------------------------------------+--------------------------------------------------------------------------------------------------------+-------------+-----------+
|  2 |   20 | Situation which street case increase less me.               | Situation new north level. Price past interview those eight college. Free office arm particular world. |           3 |         5 |
|    |      |                                                             | Relate style season right some represent. Positive off sound up work among page.                       |             |           |
+----+------+-------------------------------------------------------------+--------------------------------------------------------------------------------------------------------+-------------+-----------+
|  3 |   21 | Trip without friend almost star right although.             | Benefit garden teach. Defense wife find imagine team level rock. Price trade across within.            |           3 |         5 |
+----+------+-------------------------------------------------------------+--------------------------------------------------------------------------------------------------------+-------------+-----------+
2025-07-20 23:36:46,328 INFO:Завдання без опису — Результатів немає.
2025-07-20 23:36:46,331 INFO:
Користувачі та їх завдання зі статусом 'in progress':
+----+-----------------------+-------------------------------------------------------------+-------------+
|    | fullname              | title                                                       | status      |
+====+=======================+=============================================================+=============+
|  0 | Laura Wong            | Maintain able knowledge part music.                         | in progress |
+----+-----------------------+-------------------------------------------------------------+-------------+
|  1 | Michael Dunlap        | Radio how Mrs development police serious.                   | in progress |
+----+-----------------------+-------------------------------------------------------------+-------------+
|  2 | Ashley Washington PhD | Meeting in point system consider determine professor water. | in progress |
+----+-----------------------+-------------------------------------------------------------+-------------+
|  3 | Ashley Washington PhD | Behind grow east them company.                              | in progress |
+----+-----------------------+-------------------------------------------------------------+-------------+
|  4 | Laura Wong            | Short sit above health.                                     | in progress |
+----+-----------------------+-------------------------------------------------------------+-------------+
|  5 | Jennifer Harris       | Positive call include know party point member.              | in progress |
+----+-----------------------+-------------------------------------------------------------+-------------+
|  6 | Kimberly Carr         | Wrong region sit address plant.                             | in progress |
+----+-----------------------+-------------------------------------------------------------+-------------+
|  7 | Jennifer Harris       | Church meeting everything finally.                          | in progress |
+----+-----------------------+-------------------------------------------------------------+-------------+
|  8 | Иван Иванович         | Late hand purpose then.                                     | in progress |
+----+-----------------------+-------------------------------------------------------------+-------------+
|  9 | Angela Brown          | Head law well more miss.                                    | in progress |
+----+-----------------------+-------------------------------------------------------------+-------------+
2025-07-20 23:36:46,335 INFO:
Користувачі та кількість їх завдань:
+----+-----------------------+--------------+
|    | fullname              |   task_count |
+====+=======================+==============+
|  0 | Иван Иванович         |            4 |
+----+-----------------------+--------------+
|  1 | Kimberly Carr         |            2 |
+----+-----------------------+--------------+
|  2 | Angela Brown          |            4 |
+----+-----------------------+--------------+
|  3 | Adam Hughes           |            1 |
+----+-----------------------+--------------+
|  4 | Laura Wong            |            3 |
+----+-----------------------+--------------+
|  5 | Ashley Washington PhD |            2 |
+----+-----------------------+--------------+
|  6 | Michael Dunlap        |            2 |
+----+-----------------------+--------------+
|  7 | Jennifer Harris       |            6 |
+----+-----------------------+--------------+
|  8 | Joseph Kidd           |            4 |
+----+-----------------------+--------------+
|  9 | Stephanie Lyons       |            2 |
+----+-----------------------+--------------+
